<?xml version="1.0" encoding="UTF-8"?>
<!-- Generated by org.testng.reporters.JUnitReportReporter -->
<testsuite hostname="Mahesh" failures="0" tests="3" name="testng.AdactinHotelapp" time="0.010" errors="0" timestamp="2025-07-28T07:20:36 IST" skipped="0">
  <testcase classname="testng.AdactinHotelapp" name="RegistrationTest" time="0.002"/>
  <system-out/>
  <testcase classname="testng.AdactinHotelapp" name="LoginTest" time="0.005"/>
  <system-out/>
  <testcase classname="testng.AdactinHotelapp" name="ChangePassword" time="0.003"/>
  <system-out/>
</testsuite> <!-- testng.AdactinHotelapp -->
