<?xml version="1.0" encoding="UTF-8"?>
<!-- Generated by org.testng.reporters.JUnitReportReporter -->
<testsuite hostname="Mahesh" failures="0" tests="3" name="practice.Radiobutton" time="37.644" errors="0" timestamp="2025-11-30T11:10:41 IST" skipped="0">
  <testcase classname="practice.Radiobutton" name="Radiobuttoncheck2" time="14.886"/>
  <system-out/>
  <testcase classname="practice.Radiobutton" name="Radiobuttoncheck1" time="7.967"/>
  <system-out/>
  <testcase classname="practice.Radiobutton" name="Radiobuttoncheck3" time="14.791"/>
  <system-out/>
</testsuite> <!-- practice.Radiobutton -->
