<?xml version="1.0" encoding="UTF-8"?>
<!-- Generated by org.testng.reporters.JUnitReportReporter -->
<testsuite hostname="Mahesh" failures="0" tests="4" name="testng.AdactinHotel" time="0.011" errors="0" timestamp="2025-07-28T07:14:54 IST" skipped="0">
  <testcase classname="testng.AdactinHotel" name="Registration" time="0.006"/>
  <system-out/>
  <testcase classname="testng.AdactinHotel" name="Logintest" time="0.003"/>
  <system-out/>
  <testcase classname="testng.AdactinHotel" name="Changepassword" time="0.001"/>
  <system-out/>
  <testcase classname="testng.AdactinHotel" name="Forgotpassword" time="0.001"/>
  <system-out/>
</testsuite> <!-- testng.AdactinHotel -->
