<?xml version="1.0" encoding="UTF-8"?>
<!-- Generated by org.testng.reporters.JUnitReportReporter -->
<testsuite hostname="Mahesh" failures="0" tests="4" name="practice.TestNG" time="0.012" errors="0" timestamp="2025-11-25T07:13:40 IST" skipped="0">
  <testcase classname="practice.TestNG" name="ForgotPassword" time="0.003"/>
  <system-out/>
  <testcase classname="practice.TestNG" name="Registration" time="0.001"/>
  <system-out/>
  <testcase classname="practice.TestNG" name="loginTest" time="0.003"/>
  <system-out/>
  <testcase classname="practice.TestNG" name="changepassword" time="0.005"/>
  <system-out/>
</testsuite> <!-- practice.TestNG -->
